/*C2*/SET SCHEMA PUBLIC
 CREATE TABLE changelog ( change_number INTEGER NOT NULL, complete_dt TIMESTAMP NOT NULL, applied_by VARCHAR(100) NOT NULL, description VARCHAR(500) NOT NULL )
  ALTER TABLE changelog ADD CONSTRAINT Pkchangelog PRIMARY KEY (change_number) 
DISCONNECT
/*C3*/SET SCHEMA PUBLIC
CREATE TABLE Student (id int generated by default as identity (start with 1), name varchar(255), primary key (id))\u000a
INSERT INTO CHANGELOG VALUES(1,'2011-01-27 09:41:36.940000','sa','001-create-student-table.sql')
COMMIT
DISCONNECT
/*C4*/SET SCHEMA PUBLIC
DISCONNECT
/*C5*/SET SCHEMA PUBLIC
DISCONNECT
/*C6*/SET SCHEMA PUBLIC
DISCONNECT
/*C7*/SET SCHEMA PUBLIC
ROLLBACK
DISCONNECT
/*C8*/SET SCHEMA PUBLIC
DISCONNECT
/*C9*/SET SCHEMA PUBLIC
DISCONNECT
/*C10*/SET SCHEMA PUBLIC
DISCONNECT
/*C11*/SET SCHEMA PUBLIC
DISCONNECT
/*C12*/SET SCHEMA PUBLIC
ROLLBACK
DISCONNECT
/*C13*/SET SCHEMA PUBLIC
DISCONNECT
/*C14*/SET SCHEMA PUBLIC
DISCONNECT
/*C15*/SET SCHEMA PUBLIC
DISCONNECT
/*C16*/SET SCHEMA PUBLIC
DISCONNECT
/*C17*/SET SCHEMA PUBLIC
ROLLBACK
DISCONNECT
